<?xml version="1.0" encoding="UTF-8"?>
<!-- Generated by org.testng.reporters.JUnitReportReporter -->
<testsuite hostname="LAPTOP-6UDJM8H5" failures="0" tests="1" name="deletelator.whileloop" time="21.180" errors="0" timestamp="14 Aug 2020 06:09:51 GMT">
  <testcase classname="deletelator.whileloop" name="openpage" time="21.180"/>
</testsuite> <!-- deletelator.whileloop -->
