<?xml version="1.0" encoding="UTF-8"?>
<!-- Generated by org.testng.reporters.JUnitReportReporter -->
<testsuite hostname="LAPTOP-6UDJM8H5" failures="0" tests="1" name="deletelator.windowhan" time="22.529" errors="0" timestamp="13 Aug 2020 14:30:29 GMT">
  <testcase classname="deletelator.windowhan" name="openpage" time="22.529"/>
</testsuite> <!-- deletelator.windowhan -->
