<?xml version="1.0" encoding="UTF-8"?>
<!-- Generated by org.testng.reporters.JUnitReportReporter -->
<testsuite hostname="LAPTOP-6UDJM8H5" failures="0" tests="1" name="frameworkstc.Dataproviderlogin" time="13.731" errors="0" timestamp="10 Aug 2020 12:46:47 GMT">
  <testcase classname="frameworkstc.Dataproviderlogin" name="login" time="13.731"/>
</testsuite> <!-- frameworkstc.Dataproviderlogin -->
