<?xml version="1.0" encoding="UTF-8"?>
<!-- Generated by org.testng.reporters.JUnitReportReporter -->
<testsuite hostname="LAPTOP-6UDJM8H5" failures="0" tests="1" name="frameworkstc.propertiespagelogin" time="11.406" errors="0" timestamp="10 Aug 2020 15:24:42 GMT">
  <testcase classname="frameworkstc.propertiespagelogin" name="proplogin" time="11.406"/>
</testsuite> <!-- frameworkstc.propertiespagelogin -->
